<?xml version="1.0" encoding="UTF-8"?>
<!-- Generated by org.testng.reporters.JUnitReportReporter -->
<testsuite hostname="NITHIYAPRASAD" failures="0" tests="4" name="PageRunner.HomePageRunner" time="11.093" errors="0" timestamp="2023-10-05T11:24:56 IST" skipped="0">
  <testcase classname="PageRunner.HomePageRunner" name="HomePageMenuLinks" time="6.633"/>
  <testcase classname="PageRunner.HomePageRunner" name="SignupClick" time="1.022"/>
  <testcase classname="PageRunner.HomePageRunner" name="ChecksignupTitle" time="3.311"/>
  <testcase classname="PageRunner.HomePageRunner" name="checkSignupDetails" time="0.127"/>
</testsuite> <!-- PageRunner.HomePageRunner -->
