<?xml version="1.0" encoding="UTF-8"?>
<!-- Generated by org.testng.reporters.JUnitReportReporter -->
<testsuite hostname="NITHIYAPRASAD" failures="0" tests="9" name="PageRunner.SignupRunner" time="51.527" errors="0" timestamp="2023-10-05T11:24:56 IST" skipped="0">
  <testcase classname="PageRunner.SignupRunner" name="NameTitle" time="0.463"/>
  <testcase classname="PageRunner.SignupRunner" name="Firstname" time="0.564"/>
  <testcase classname="PageRunner.SignupRunner" name="lastname" time="0.452"/>
  <testcase classname="PageRunner.SignupRunner" name="doB" time="0.978"/>
  <testcase classname="PageRunner.SignupRunner" name="Mobilenumber" time="15.590"/>
  <testcase classname="PageRunner.SignupRunner" name="email" time="1.268"/>
  <testcase classname="PageRunner.SignupRunner" name="Passwords" time="1.347"/>
  <testcase classname="PageRunner.SignupRunner" name="SubmittheSignup" time="30.721"/>
  <testcase classname="PageRunner.SignupRunner" name="closewindow" time="0.144"/>
</testsuite> <!-- PageRunner.SignupRunner -->
