<?xml version="1.0" encoding="UTF-8"?>
<!-- Generated by org.testng.reporters.JUnitReportReporter -->
<testsuite hostname="NITHIYAPRASAD" failures="0" tests="2" name="PageRunner.LoginRunner" time="11.910" errors="0" timestamp="2023-10-05T11:24:56 IST" skipped="0">
  <testcase classname="PageRunner.LoginRunner" name="loginPage" time="2.722"/>
  <testcase classname="PageRunner.LoginRunner" name="validLoginDetails" time="9.188"/>
</testsuite> <!-- PageRunner.LoginRunner -->
