<?xml version="1.0" encoding="UTF-8"?>
<!-- Generated by org.testng.reporters.JUnitReportReporter -->
<testsuite hostname="NITHIYAPRASAD" failures="0" tests="2" name="PageRunner.FlightTripsRunner" time="32.341" errors="0" timestamp="2023-10-05T11:24:56 IST" skipped="0">
  <testcase classname="PageRunner.FlightTripsRunner" name="OneWaytrip" time="14.403"/>
  <testcase classname="PageRunner.FlightTripsRunner" name="TwoWaytrip" time="17.938"/>
</testsuite> <!-- PageRunner.FlightTripsRunner -->
