<?xml version="1.0" encoding="UTF-8"?>
<!-- Generated by org.testng.reporters.JUnitReportReporter -->
<testsuite hostname="NITHIYAPRASAD" failures="0" tests="4" name="PageRunner.HomePageRunner" time="11.555" errors="0" timestamp="2023-10-04T09:54:29 IST" skipped="0">
  <testcase classname="PageRunner.HomePageRunner" name="HomePageMenuLinks" time="7.734"/>
  <testcase classname="PageRunner.HomePageRunner" name="SignupClick" time="0.597"/>
  <testcase classname="PageRunner.HomePageRunner" name="ChecksignupTitle" time="3.158"/>
  <testcase classname="PageRunner.HomePageRunner" name="checkSignupDetails" time="0.066"/>
</testsuite> <!-- PageRunner.HomePageRunner -->
