<?xml version="1.0" encoding="UTF-8"?>
<!-- Generated by org.testng.reporters.JUnitReportReporter -->
<testsuite hostname="NITHIYAPRASAD" failures="0" tests="9" name="PageRunner.SignupRunner" time="43.487" errors="0" timestamp="2023-10-04T09:54:29 IST" skipped="0">
  <testcase classname="PageRunner.SignupRunner" name="NameTitle" time="0.749"/>
  <testcase classname="PageRunner.SignupRunner" name="Firstname" time="0.633"/>
  <testcase classname="PageRunner.SignupRunner" name="lastname" time="0.633"/>
  <testcase classname="PageRunner.SignupRunner" name="doB" time="2.613"/>
  <testcase classname="PageRunner.SignupRunner" name="Mobilenumber" time="1.332"/>
  <testcase classname="PageRunner.SignupRunner" name="email" time="5.683"/>
  <testcase classname="PageRunner.SignupRunner" name="Passwords" time="0.980"/>
  <testcase classname="PageRunner.SignupRunner" name="SubmittheSignup" time="30.529"/>
  <testcase classname="PageRunner.SignupRunner" name="closewindow" time="0.335"/>
</testsuite> <!-- PageRunner.SignupRunner -->
